#options: 1280x528 fps=25/1 timebase=1/25 bitdepth=8 cabac=1 ref=1 deblock=1:0:0 analyse=0x1:0 me=dia subme=2 psy=1 psy_rd=1.00:0.00 mixed_ref=0 me_range=16 chroma_me=1 trellis=0 8x8dct=0 cqm=0 deadzone=21,11 fast_pskip=1 chroma_qp_offset=0 threads=6 lookahead_threads=2 sliced_threads=0 nr=0 decimate=1 interlaced=0 bluray_compat=0 constrained_intra=0 bframes=3 b_pyramid=2 b_adapt=1 b_bias=0 direct=1 weightb=1 open_gop=0 weightp=2 keyint=250 keyint_min=25 scenecut=40 intra_refresh=0 rc_lookahead=40 rc=crf mbtree=1 crf=23.0 qcomp=0.60 qpmin=0 qpmax=69 qpstep=4 ip_ratio=1.40 aq=1:1.00
in:0 out:0 type:I dur:2 cpbdur:2 q:28.40 aq:21.28 tex:681958 mv:121473 misc:273 imb:2640 pmb:0 smb:0 d:- ref:;
in:4 out:1 type:P dur:2 cpbdur:2 q:28.40 aq:21.50 tex:34124 mv:5114 misc:2506 imb:36 pmb:991 smb:1613 d:- ref:0 ;
in:2 out:2 type:B dur:2 cpbdur:2 q:28.40 aq:26.13 tex:6612 mv:2798 misc:1198 imb:3 pmb:347 smb:2290 d:- ref:0 ;
in:1 out:3 type:b dur:2 cpbdur:2 q:28.40 aq:30.04 tex:432 mv:713 misc:823 imb:0 pmb:125 smb:2515 d:- ref:0 ;
in:3 out:4 type:b dur:2 cpbdur:2 q:28.40 aq:30.21 tex:2952 mv:1206 misc:546 imb:5 pmb:138 smb:2497 d:- ref:0 ;
in:8 out:5 type:P dur:2 cpbdur:2 q:28.40 aq:21.62 tex:55249 mv:6973 misc:2370 imb:46 pmb:1161 smb:1433 d:- ref:0 ;
in:6 out:6 type:B dur:2 cpbdur:2 q:28.40 aq:28.26 tex:8939 mv:2906 misc:1059 imb:9 pmb:271 smb:2360 d:- ref:0 ;
in:5 out:7 type:b dur:2 cpbdur:2 q:28.40 aq:30.17 tex:4256 mv:1456 misc:560 imb:7 pmb:146 smb:2487 d:- ref:0 ;
in:7 out:8 type:b dur:2 cpbdur:2 q:28.40 aq:30.62 tex:4609 mv:3298 misc:1525 imb:4 pmb:450 smb:2186 d:- ref:0 ;
in:12 out:9 type:P dur:2 cpbdur:2 q:28.40 aq:21.68 tex:103004 mv:7112 misc:2388 imb:56 pmb:1201 smb:1383 d:- ref:0 ;
in:10 out:10 type:B dur:2 cpbdur:2 q:28.40 aq:28.49 tex:10185 mv:3341 misc:1554 imb:3 pmb:428 smb:2209 d:- ref:0 ;
in:9 out:11 type:b dur:2 cpbdur:2 q:28.40 aq:31.09 tex:3968 mv:2205 misc:1083 imb:3 pmb:282 smb:2355 d:- ref:0 ;
in:11 out:12 type:b dur:2 cpbdur:2 q:28.40 aq:30.20 tex:5096 mv:2143 misc:993 imb:2 pmb:258 smb:2380 d:- ref:0 ;
in:16 out:13 type:P dur:2 cpbdur:2 q:28.40 aq:21.94 tex:97514 mv:5198 misc:2240 imb:49 pmb:972 smb:1619 d:- ref:0 ;
in:14 out:14 type:B dur:2 cpbdur:2 q:28.40 aq:27.82 tex:10486 mv:2912 misc:1426 imb:2 pmb:451 smb:2187 d:- ref:0 ;
in:13 out:15 type:b dur:2 cpbdur:2 q:28.40 aq:30.09 tex:1243 mv:898 misc:907 imb:1 pmb:162 smb:2477 d:- ref:0 ;
in:15 out:16 type:b dur:2 cpbdur:2 q:28.40 aq:29.92 tex:3478 mv:1672 misc:778 imb:2 pmb:200 smb:2438 d:- ref:0 ;
in:20 out:17 type:P dur:2 cpbdur:2 q:28.40 aq:21.95 tex:132461 mv:6257 misc:2290 imb:70 pmb:1118 smb:1452 d:- ref:0 ;
in:18 out:18 type:B dur:2 cpbdur:2 q:28.40 aq:26.78 tex:12154 mv:2842 misc:1460 imb:10 pmb:461 smb:2169 d:- ref:0 ;
in:17 out:19 type:b dur:2 cpbdur:2 q:28.40 aq:30.26 tex:2462 mv:1182 misc:1036 imb:2 pmb:197 smb:2441 d:- ref:0 ;
in:19 out:20 type:b dur:2 cpbdur:2 q:28.40 aq:31.08 tex:2749 mv:1278 misc:725 imb:5 pmb:169 smb:2466 d:- ref:0 ;
in:21 out:21 type:P dur:2 cpbdur:2 q:28.40 aq:22.01 tex:54394 mv:2883 misc:2027 imb:9 pmb:747 smb:1884 d:- ref:0 ;
in:22 out:22 type:P dur:2 cpbdur:2 q:28.40 aq:22.51 tex:49115 mv:2320 misc:1637 imb:9 pmb:556 smb:2075 d:- ref:0 ;
in:23 out:23 type:P dur:2 cpbdur:2 q:28.40 aq:22.05 tex:95035 mv:4162 misc:2259 imb:27 pmb:962 smb:1651 d:- ref:0 ;
in:24 out:24 type:P dur:2 cpbdur:2 q:28.40 aq:21.45 tex:180770 mv:6321 misc:2325 imb:15 pmb:1610 smb:1015 d:- ref:0 ;
in:28 out:25 type:P dur:2 cpbdur:2 q:28.40 aq:21.69 tex:138069 mv:6232 misc:2435 imb:59 pmb:1307 smb:1274 d:- ref:0 ;
in:26 out:26 type:B dur:2 cpbdur:2 q:28.40 aq:29.31 tex:10221 mv:3003 misc:1296 imb:3 pmb:393 smb:2244 d:- ref:0 ;
in:25 out:27 type:b dur:2 cpbdur:2 q:28.40 aq:31.49 tex:1873 mv:1155 misc:908 imb:1 pmb:179 smb:2460 d:- ref:0 ;
in:27 out:28 type:b dur:2 cpbdur:2 q:28.40 aq:29.77 tex:6274 mv:2302 misc:800 imb:7 pmb:221 smb:2412 d:- ref:0 ;
in:29 out:29 type:P dur:2 cpbdur:2 q:28.40 aq:22.06 tex:33025 mv:2485 misc:1922 imb:6 pmb:585 smb:2049 d:- ref:0 ;
in:30 out:30 type:P dur:2 cpbdur:2 q:28.40 aq:22.00 tex:58418 mv:3083 misc:2067 imb:11 pmb:711 smb:1918 d:- ref:0 ;
in:34 out:31 type:P dur:2 cpbdur:2 q:28.40 aq:22.17 tex:132179 mv:6314 misc:2251 imb:84 pmb:1103 smb:1453 d:- ref:0 ;
in:32 out:32 type:B dur:2 cpbdur:2 q:28.40 aq:27.64 tex:19521 mv:4334 misc:1393 imb:12 pmb:460 smb:2168 d:- ref:0 ;
in:31 out:33 type:b dur:2 cpbdur:2 q:28.40 aq:31.60 tex:5056 mv:1659 misc:861 imb:3 pmb:208 smb:2429 d:- ref:0 ;
in:33 out:34 type:b dur:2 cpbdur:2 q:28.40 aq:29.85 tex:5745 mv:1945 misc:902 imb:2 pmb:258 smb:2380 d:- ref:0 ;
in:35 out:35 type:P dur:2 cpbdur:2 q:28.40 aq:22.45 tex:50265 mv:2602 misc:2053 imb:10 pmb:683 smb:1947 d:- ref:0 ;
in:36 out:36 type:P dur:2 cpbdur:2 q:28.40 aq:22.17 tex:82218 mv:3638 misc:2256 imb:17 pmb:925 smb:1698 d:- ref:0 ;
in:40 out:37 type:P dur:2 cpbdur:2 q:28.40 aq:22.37 tex:122768 mv:5908 misc:2316 imb:63 pmb:1111 smb:1466 d:- ref:0 ;
in:38 out:38 type:B dur:2 cpbdur:2 q:28.40 aq:27.81 tex:12755 mv:3624 misc:1221 imb:6 pmb:411 smb:2223 d:- ref:0 ;
in:37 out:39 type:b dur:2 cpbdur:2 q:28.40 aq:26.20 tex:3850 mv:1552 misc:918 imb:0 pmb:195 smb:2445 d:- ref:0 ;
in:39 out:40 type:b dur:2 cpbdur:2 q:28.40 aq:28.88 tex:4957 mv:1914 misc:705 imb:1 pmb:192 smb:2447 d:- ref:0 ;
in:44 out:41 type:P dur:2 cpbdur:2 q:28.40 aq:22.82 tex:89669 mv:5016 misc:2059 imb:59 pmb:830 smb:1751 d:- ref:0 ;
in:42 out:42 type:B dur:2 cpbdur:2 q:28.40 aq:26.18 tex:7839 mv:2567 misc:1162 imb:4 pmb:333 smb:2303 d:- ref:0 ;
in:41 out:43 type:b dur:2 cpbdur:2 q:28.40 aq:31.33 tex:3839 mv:1340 misc:685 imb:0 pmb:159 smb:2481 d:- ref:0 ;
in:43 out:44 type:b dur:2 cpbdur:2 q:28.40 aq:31.21 tex:1349 mv:805 misc:470 imb:0 pmb:88 smb:2552 d:- ref:0 ;
in:45 out:45 type:P dur:2 cpbdur:2 q:28.40 aq:23.20 tex:34385 mv:2231 misc:1784 imb:7 pmb:539 smb:2094 d:- ref:0 ;
in:46 out:46 type:P dur:2 cpbdur:2 q:28.40 aq:23.09 tex:51156 mv:3203 misc:1849 imb:19 pmb:624 smb:1997 d:- ref:0 ;
in:47 out:47 type:P dur:2 cpbdur:2 q:28.40 aq:23.36 tex:37319 mv:2111 misc:1834 imb:5 pmb:547 smb:2088 d:- ref:0 ;
in:48 out:48 type:P dur:2 cpbdur:2 q:28.40 aq:23.02 tex:71164 mv:3852 misc:2344 imb:16 pmb:938 smb:1686 d:- ref:0 ;
in:49 out:49 type:P dur:2 cpbdur:2 q:28.40 aq:22.40 tex:32709 mv:2167 misc:1860 imb:6 pmb:572 smb:2062 d:- ref:0 ;
in:53 out:50 type:P dur:2 cpbdur:2 q:28.40 aq:23.96 tex:81004 mv:4606 misc:2142 imb:60 pmb:845 smb:1735 d:- ref:0 ;
in:51 out:51 type:B dur:2 cpbdur:2 q:28.40 aq:28.82 tex:12544 mv:2843 misc:933 imb:4 pmb:270 smb:2366 d:- ref:0 ;
in:50 out:52 type:b dur:2 cpbdur:2 q:28.40 aq:30.82 tex:7651 mv:2355 misc:770 imb:2 pmb:217 smb:2421 d:- ref:0 ;
in:52 out:53 type:b dur:2 cpbdur:2 q:28.40 aq:29.15 tex:5480 mv:1832 misc:472 imb:0 pmb:148 smb:2492 d:- ref:0 ;
in:54 out:54 type:P dur:2 cpbdur:2 q:28.40 aq:23.56 tex:30839 mv:2483 misc:1350 imb:31 pmb:429 smb:2180 d:- ref:0 ;
in:55 out:55 type:P dur:2 cpbdur:2 q:28.40 aq:24.72 tex:24057 mv:2251 misc:1236 imb:11 pmb:365 smb:2264 d:- ref:0 ;
in:56 out:56 type:P dur:2 cpbdur:2 q:28.40 aq:24.59 tex:24383 mv:2228 misc:1181 imb:15 pmb:350 smb:2275 d:- ref:0 ;
in:57 out:57 type:P dur:2 cpbdur:2 q:28.40 aq:25.33 tex:21299 mv:1983 misc:1230 imb:7 pmb:350 smb:2283 d:- ref:0 ;
in:58 out:58 type:P dur:2 cpbdur:2 q:28.40 aq:24.78 tex:36094 mv:2992 misc:1418 imb:27 pmb:462 smb:2151 d:- ref:0 ;
in:59 out:59 type:P dur:2 cpbdur:2 q:28.40 aq:25.88 tex:22485 mv:1974 misc:1237 imb:7 pmb:354 smb:2279 d:- ref:0 ;
in:63 out:60 type:P dur:2 cpbdur:2 q:28.40 aq:27.51 tex:47584 mv:4306 misc:1734 imb:58 pmb:596 smb:1986 d:- ref:0 ;
in:61 out:61 type:B dur:2 cpbdur:2 q:28.40 aq:28.79 tex:10901 mv:2913 misc:1242 imb:8 pmb:357 smb:2275 d:- ref:0 ;
in:60 out:62 type:b dur:2 cpbdur:2 q:28.40 aq:31.33 tex:5932 mv:1838 misc:766 imb:1 pmb:193 smb:2446 d:- ref:0 ;
in:62 out:63 type:b dur:2 cpbdur:2 q:28.40 aq:31.59 tex:2310 mv:1198 misc:508 imb:2 pmb:106 smb:2532 d:- ref:0 ;
in:65 out:64 type:P dur:2 cpbdur:2 q:28.40 aq:31.73 tex:13936 mv:2064 misc:648 imb:20 pmb:203 smb:2417 d:- ref:0 ;
in:64 out:65 type:b dur:2 cpbdur:2 q:28.40 aq:31.80 tex:3736 mv:1454 misc:578 imb:1 pmb:147 smb:2492 d:- ref:0 ;
in:66 out:66 type:I dur:2 cpbdur:2 q:25.49 aq:17.13 tex:245486 mv:77691 misc:279 imb:2640 pmb:0 smb:0 d:- ref:;
in:70 out:67 type:P dur:2 cpbdur:2 q:28.40 aq:20.49 tex:31556 mv:12695 misc:2405 imb:164 pmb:1162 smb:1314 d:- ref:0 ;
in:68 out:68 type:B dur:2 cpbdur:2 q:28.40 aq:27.31 tex:2285 mv:4827 misc:1808 imb:4 pmb:507 smb:2129 d:- ref:0 ;
in:67 out:69 type:b dur:2 cpbdur:2 q:28.40 aq:16.52 tex:228 mv:1577 misc:867 imb:0 pmb:169 smb:2471 d:- ref:0 ;
in:69 out:70 type:b dur:2 cpbdur:2 q:28.40 aq:27.25 tex:1526 mv:3434 misc:1472 imb:3 pmb:363 smb:2274 d:- ref:0 ;
in:74 out:71 type:P dur:2 cpbdur:2 q:28.40 aq:20.90 tex:52855 mv:16754 misc:2199 imb:298 pmb:1398 smb:944 d:- ref:0 ;
in:72 out:72 type:B dur:2 cpbdur:2 q:28.40 aq:25.55 tex:7755 mv:7918 misc:1983 imb:51 pmb:626 smb:1963 d:- ref:0 ;
in:71 out:73 type:b dur:2 cpbdur:2 q:28.40 aq:28.13 tex:1929 mv:2376 misc:1079 imb:5 pmb:227 smb:2408 d:- ref:0 ;
in:73 out:74 type:b dur:2 cpbdur:2 q:28.40 aq:26.72 tex:3420 mv:4476 misc:1624 imb:18 pmb:454 smb:2168 d:- ref:0 ;
in:78 out:75 type:P dur:2 cpbdur:2 q:28.40 aq:20.64 tex:66569 mv:18366 misc:2161 imb:308 pmb:1508 smb:824 d:- ref:0 ;
in:76 out:76 type:B dur:2 cpbdur:2 q:28.40 aq:25.06 tex:10684 mv:7761 misc:1923 imb:49 pmb:642 smb:1949 d:- ref:0 ;
in:75 out:77 type:b dur:2 cpbdur:2 q:28.40 aq:26.98 tex:2193 mv:3054 misc:1257 imb:13 pmb:285 smb:2342 d:- ref:0 ;
in:77 out:78 type:b dur:2 cpbdur:2 q:28.40 aq:27.86 tex:4502 mv:4468 misc:1638 imb:12 pmb:441 smb:2187 d:- ref:0 ;
in:82 out:79 type:P dur:2 cpbdur:2 q:28.40 aq:21.63 tex:49856 mv:14927 misc:2329 imb:217 pmb:1407 smb:1016 d:- ref:0 ;
in:80 out:80 type:B dur:2 cpbdur:2 q:28.40 aq:24.56 tex:7502 mv:6627 misc:1975 imb:12 pmb:629 smb:1999 d:- ref:0 ;
in:79 out:81 type:b dur:2 cpbdur:2 q:28.40 aq:26.92 tex:2472 mv:2897 misc:1207 imb:3 pmb:286 smb:2351 d:- ref:0 ;
in:81 out:82 type:b dur:2 cpbdur:2 q:28.40 aq:25.00 tex:1767 mv:2589 misc:1492 imb:1 pmb:361 smb:2278 d:- ref:0 ;
in:86 out:83 type:P dur:2 cpbdur:2 q:28.40 aq:21.50 tex:77110 mv:20037 misc:1837 imb:473 pmb:1667 smb:500 d:- ref:0 ;
in:84 out:84 type:B dur:2 cpbdur:2 q:28.40 aq:22.65 tex:13097 mv:9765 misc:2426 imb:59 pmb:928 smb:1653 d:- ref:0 ;
in:83 out:85 type:b dur:2 cpbdur:2 q:28.40 aq:26.31 tex:3027 mv:3603 misc:1322 imb:9 pmb:337 smb:2294 d:- ref:0 ;
in:85 out:86 type:b dur:2 cpbdur:2 q:28.40 aq:25.20 tex:11080 mv:8535 misc:1737 imb:39 pmb:685 smb:1916 d:- ref:0 ;
in:90 out:87 type:P dur:2 cpbdur:2 q:28.40 aq:21.37 tex:78348 mv:18244 misc:1952 imb:511 pmb:1544 smb:585 d:- ref:0 ;
in:88 out:88 type:B dur:2 cpbdur:2 q:28.40 aq:23.54 tex:24503 mv:12512 misc:2057 imb:120 pmb:884 smb:1636 d:- ref:0 ;
in:87 out:89 type:b dur:2 cpbdur:2 q:28.40 aq:26.56 tex:12874 mv:7455 misc:1343 imb:75 pmb:587 smb:1978 d:- ref:0 ;
in:89 out:90 type:b dur:2 cpbdur:2 q:28.40 aq:25.45 tex:12345 mv:7547 misc:1580 imb:58 pmb:615 smb:1967 d:- ref:0 ;
in:94 out:91 type:P dur:2 cpbdur:2 q:28.40 aq:20.92 tex:94699 mv:19026 misc:1811 imb:517 pmb:1546 smb:577 d:- ref:0 ;
in:92 out:92 type:B dur:2 cpbdur:2 q:28.40 aq:24.50 tex:20755 mv:12283 misc:2082 imb:116 pmb:898 smb:1626 d:- ref:0 ;
in:91 out:93 type:b dur:2 cpbdur:2 q:28.40 aq:26.84 tex:12611 mv:8526 misc:1559 imb:50 pmb:645 smb:1945 d:- ref:0 ;
in:93 out:94 type:b dur:2 cpbdur:2 q:28.40 aq:25.31 tex:11032 mv:6926 misc:1626 imb:42 pmb:596 smb:2002 d:- ref:0 ;
in:98 out:95 type:P dur:2 cpbdur:2 q:28.40 aq:20.16 tex:100619 mv:19668 misc:1713 imb:364 pmb:1785 smb:491 d:- ref:0 ;
in:96 out:96 type:B dur:2 cpbdur:2 q:28.40 aq:23.93 tex:15941 mv:9460 misc:2391 imb:35 pmb:983 smb:1622 d:- ref:0 ;
in:95 out:97 type:b dur:2 cpbdur:2 q:28.40 aq:26.16 tex:8624 mv:6520 misc:1632 imb:17 pmb:559 smb:2064 d:- ref:0 ;
in:97 out:98 type:b dur:2 cpbdur:2 q:28.40 aq:23.97 tex:1752 mv:2231 misc:1145 imb:2 pmb:238 smb:2400 d:- ref:0 ;
in:102 out:99 type:P dur:2 cpbdur:2 q:28.40 aq:20.45 tex:65598 mv:15383 misc:2043 imb:218 pmb:1678 smb:744 d:- ref:0 ;
in:100 out:100 type:B dur:2 cpbdur:2 q:28.40 aq:22.76 tex:9285 mv:7152 misc:2051 imb:34 pmb:712 smb:1894 d:- ref:0 ;
in:99 out:101 type:b dur:2 cpbdur:2 q:28.40 aq:26.14 tex:2201 mv:2789 misc:1042 imb:5 pmb:266 smb:2369 d:- ref:0 ;
in:101 out:102 type:b dur:2 cpbdur:2 q:28.40 aq:25.72 tex:2219 mv:2440 misc:917 imb:9 pmb:219 smb:2412 d:- ref:0 ;
in:106 out:103 type:P dur:2 cpbdur:2 q:28.40 aq:20.35 tex:68801 mv:15765 misc:2050 imb:242 pmb:1746 smb:652 d:- ref:0 ;
in:104 out:104 type:B dur:2 cpbdur:2 q:28.40 aq:23.22 tex:10006 mv:6351 misc:2235 imb:42 pmb:718 smb:1880 d:- ref:0 ;
in:103 out:105 type:b dur:2 cpbdur:2 q:28.40 aq:27.52 tex:3308 mv:2902 misc:974 imb:10 pmb:259 smb:2371 d:- ref:0 ;
in:105 out:106 type:b dur:2 cpbdur:2 q:28.40 aq:26.35 tex:1307 mv:1440 misc:789 imb:2 pmb:152 smb:2486 d:- ref:0 ;
in:110 out:107 type:P dur:2 cpbdur:2 q:28.40 aq:20.37 tex:57382 mv:14931 misc:2159 imb:213 pmb:1720 smb:707 d:- ref:0 ;
in:108 out:108 type:B dur:2 cpbdur:2 q:28.40 aq:23.20 tex:6365 mv:4768 misc:2139 imb:24 pmb:650 smb:1966 d:- ref:0 ;
in:107 out:109 type:b dur:2 cpbdur:2 q:28.40 aq:25.29 tex:874 mv:1724 misc:922 imb:1 pmb:198 smb:2441 d:- ref:0 ;
in:109 out:110 type:b dur:2 cpbdur:2 q:28.40 aq:23.54 tex:709 mv:801 misc:610 imb:1 pmb:107 smb:2532 d:- ref:0 ;
in:114 out:111 type:P dur:2 cpbdur:2 q:28.40 aq:20.40 tex:65015 mv:16583 misc:2106 imb:293 pmb:1683 smb:664 d:- ref:0 ;
in:112 out:112 type:B dur:2 cpbdur:2 q:28.40 aq:23.41 tex:9485 mv:7591 misc:2180 imb:20 pmb:761 smb:1859 d:- ref:0 ;
in:111 out:113 type:b dur:2 cpbdur:2 q:28.40 aq:26.80 tex:1510 mv:2743 misc:1139 imb:7 pmb:290 smb:2343 d:- ref:0 ;
in:113 out:114 type:b dur:2 cpbdur:2 q:28.40 aq:25.59 tex:1831 mv:2511 misc:1010 imb:4 pmb:214 smb:2422 d:- ref:0 ;
in:118 out:115 type:P dur:2 cpbdur:2 q:28.40 aq:20.48 tex:68561 mv:13835 misc:2412 imb:232 pmb:1418 smb:990 d:- ref:0 ;
in:116 out:116 type:B dur:2 cpbdur:2 q:28.40 aq:23.44 tex:13149 mv:7739 misc:1976 imb:26 pmb:737 smb:1877 d:- ref:0 ;
in:115 out:117 type:b dur:2 cpbdur:2 q:28.40 aq:28.65 tex:2983 mv:2947 misc:1126 imb:2 pmb:295 smb:2343 d:- ref:0 ;
in:117 out:118 type:b dur:2 cpbdur:2 q:28.40 aq:24.96 tex:1874 mv:2517 misc:1001 imb:4 pmb:218 smb:2418 d:- ref:0 ;
in:122 out:119 type:P dur:2 cpbdur:2 q:28.40 aq:20.61 tex:59788 mv:13835 misc:2137 imb:182 pmb:1629 smb:829 d:- ref:0 ;
in:120 out:120 type:B dur:2 cpbdur:2 q:28.40 aq:23.18 tex:7769 mv:5865 misc:2254 imb:23 pmb:720 smb:1897 d:- ref:0 ;
in:119 out:121 type:b dur:2 cpbdur:2 q:28.40 aq:25.14 tex:1617 mv:2473 misc:1334 imb:5 pmb:317 smb:2318 d:- ref:0 ;
in:121 out:122 type:b dur:2 cpbdur:2 q:28.40 aq:24.67 tex:568 mv:1273 misc:751 imb:1 pmb:136 smb:2503 d:- ref:0 ;
in:126 out:123 type:P dur:2 cpbdur:2 q:28.40 aq:21.33 tex:37769 mv:10826 misc:2389 imb:108 pmb:1431 smb:1101 d:- ref:0 ;
in:124 out:124 type:B dur:2 cpbdur:2 q:28.40 aq:23.23 tex:5431 mv:4175 misc:1866 imb:11 pmb:518 smb:2111 d:- ref:0 ;
in:123 out:125 type:b dur:2 cpbdur:2 q:28.40 aq:26.68 tex:477 mv:1324 misc:831 imb:2 pmb:161 smb:2477 d:- ref:0 ;
in:125 out:126 type:b dur:2 cpbdur:2 q:28.40 aq:25.19 tex:690 mv:829 misc:705 imb:3 pmb:106 smb:2531 d:- ref:0 ;
in:130 out:127 type:P dur:2 cpbdur:2 q:28.40 aq:21.88 tex:30260 mv:10461 misc:2543 imb:123 pmb:1373 smb:1144 d:- ref:0 ;
in:128 out:128 type:B dur:2 cpbdur:2 q:28.40 aq:23.17 tex:4237 mv:3896 misc:1939 imb:7 pmb:539 smb:2094 d:- ref:0 ;
in:127 out:129 type:b dur:2 cpbdur:2 q:28.40 aq:24.68 tex:717 mv:1337 misc:874 imb:0 pmb:178 smb:2462 d:- ref:0 ;
in:129 out:130 type:b dur:2 cpbdur:2 q:28.40 aq:24.01 tex:412 mv:941 misc:1007 imb:1 pmb:192 smb:2447 d:- ref:0 ;
in:134 out:131 type:P dur:2 cpbdur:2 q:28.40 aq:22.25 tex:21911 mv:13336 misc:2425 imb:268 pmb:1357 smb:1015 d:- ref:0 ;
in:132 out:132 type:B dur:2 cpbdur:2 q:28.40 aq:22.51 tex:5914 mv:6482 misc:2500 imb:21 pmb:908 smb:1711 d:- ref:0 ;
in:131 out:133 type:b dur:2 cpbdur:2 q:28.40 aq:24.27 tex:1086 mv:2904 misc:1714 imb:9 pmb:423 smb:2208 d:- ref:0 ;
in:133 out:134 type:b dur:2 cpbdur:2 q:28.40 aq:22.88 tex:540 mv:827 misc:745 imb:1 pmb:108 smb:2531 d:- ref:0 ;
in:137 out:135 type:P dur:2 cpbdur:2 q:28.40 aq:24.41 tex:8717 mv:5556 misc:2183 imb:83 pmb:627 smb:1930 d:- ref:0 ;
in:136 out:136 type:B dur:2 cpbdur:2 q:28.40 aq:23.89 tex:2718 mv:2670 misc:1428 imb:9 pmb:325 smb:2306 d:- ref:0 ;
in:135 out:137 type:b dur:2 cpbdur:2 q:28.40 aq:27.04 tex:1497 mv:2684 misc:1403 imb:3 pmb:339 smb:2298 d:- ref:0 ;
in:138 out:138 type:I dur:2 cpbdur:2 q:25.49 aq:18.86 tex:215208 mv:78819 misc:221 imb:2640 pmb:0 smb:0 d:- ref:;
in:141 out:139 type:P dur:2 cpbdur:2 q:28.40 aq:23.37 tex:51983 mv:14722 misc:2303 imb:152 pmb:1336 smb:1152 d:- ref:0 ;
in:140 out:140 type:B dur:2 cpbdur:2 q:28.40 aq:28.97 tex:3862 mv:6713 misc:1961 imb:7 pmb:664 smb:1969 d:- ref:0 ;
in:139 out:141 type:b dur:2 cpbdur:2 q:28.40 aq:29.37 tex:3995 mv:7243 misc:2010 imb:3 pmb:673 smb:1964 d:- ref:0 ;
in:142 out:142 type:P dur:2 cpbdur:2 q:28.40 aq:22.85 tex:39813 mv:14316 misc:2247 imb:112 pmb:1475 smb:1053 d:- ref:0 ;
in:145 out:143 type:P dur:2 cpbdur:2 q:28.40 aq:22.73 tex:63137 mv:17620 misc:2067 imb:268 pmb:1494 smb:878 d:- ref:0 ;
in:144 out:144 type:B dur:2 cpbdur:2 q:28.40 aq:28.35 tex:5138 mv:7112 misc:1982 imb:13 pmb:646 smb:1981 d:- ref:0 ;
in:143 out:145 type:b dur:2 cpbdur:2 q:28.40 aq:27.00 tex:4440 mv:7637 misc:2027 imb:22 pmb:629 smb:1989 d:- ref:0 ;
in:146 out:146 type:P dur:2 cpbdur:2 q:28.40 aq:22.79 tex:57493 mv:16786 misc:2177 imb:200 pmb:1515 smb:925 d:- ref:0 ;
in:149 out:147 type:P dur:2 cpbdur:2 q:28.40 aq:22.99 tex:74129 mv:18704 misc:2007 imb:275 pmb:1548 smb:817 d:- ref:0 ;
in:148 out:148 type:B dur:2 cpbdur:2 q:28.40 aq:29.18 tex:5540 mv:7711 misc:1997 imb:9 pmb:697 smb:1934 d:- ref:0 ;
in:147 out:149 type:b dur:2 cpbdur:2 q:28.40 aq:28.93 tex:5964 mv:8017 misc:2035 imb:12 pmb:662 smb:1966 d:- ref:0 ;
in:150 out:150 type:P dur:2 cpbdur:2 q:28.40 aq:22.77 tex:58226 mv:16173 misc:2137 imb:167 pmb:1518 smb:955 d:- ref:0 ;
in:153 out:151 type:P dur:2 cpbdur:2 q:28.40 aq:23.22 tex:64331 mv:17209 misc:2076 imb:199 pmb:1538 smb:903 d:- ref:0 ;
in:152 out:152 type:B dur:2 cpbdur:2 q:28.40 aq:29.54 tex:3116 mv:6315 misc:2001 imb:4 pmb:647 smb:1989 d:- ref:0 ;
in:151 out:153 type:b dur:2 cpbdur:2 q:28.40 aq:28.72 tex:3445 mv:7283 misc:2040 imb:6 pmb:652 smb:1982 d:- ref:0 ;
in:156 out:154 type:P dur:2 cpbdur:2 q:28.40 aq:23.28 tex:59553 mv:17687 misc:2184 imb:248 pmb:1529 smb:863 d:- ref:0 ;
in:155 out:155 type:B dur:2 cpbdur:2 q:28.40 aq:28.51 tex:3526 mv:6183 misc:2051 imb:7 pmb:652 smb:1981 d:- ref:0 ;
in:154 out:156 type:b dur:2 cpbdur:2 q:28.40 aq:28.75 tex:3721 mv:8225 misc:2118 imb:4 pmb:762 smb:1874 d:- ref:0 ;
in:159 out:157 type:P dur:2 cpbdur:2 q:28.40 aq:24.05 tex:92392 mv:19847 misc:1769 imb:283 pmb:1662 smb:695 d:- ref:0 ;
in:158 out:158 type:B dur:2 cpbdur:2 q:28.40 aq:29.05 tex:15129 mv:13041 misc:2142 imb:14 pmb:1063 smb:1563 d:- ref:0 ;
in:157 out:159 type:b dur:2 cpbdur:2 q:28.40 aq:29.20 tex:4603 mv:7754 misc:2067 imb:2 pmb:733 smb:1905 d:- ref:0 ;
in:160 out:160 type:P dur:2 cpbdur:2 q:28.40 aq:24.23 tex:44781 mv:13647 misc:2012 imb:123 pmb:1493 smb:1024 d:- ref:0 ;
in:161 out:161 type:P dur:2 cpbdur:2 q:28.40 aq:24.04 tex:36720 mv:12864 misc:2184 imb:132 pmb:1331 smb:1177 d:- ref:0 ;
in:162 out:162 type:P dur:2 cpbdur:2 q:28.40 aq:23.33 tex:66179 mv:18290 misc:1971 imb:239 pmb:1598 smb:803 d:- ref:0 ;
in:165 out:163 type:P dur:2 cpbdur:2 q:28.40 aq:23.46 tex:90192 mv:20065 misc:1903 imb:332 pmb:1585 smb:723 d:- ref:0 ;
in:164 out:164 type:B dur:2 cpbdur:2 q:28.40 aq:27.84 tex:13650 mv:12837 misc:2097 imb:33 pmb:1011 smb:1596 d:- ref:0 ;
in:163 out:165 type:b dur:2 cpbdur:2 q:28.40 aq:28.89 tex:5796 mv:8034 misc:2162 imb:11 pmb:762 smb:1867 d:- ref:0 ;
in:166 out:166 type:P dur:2 cpbdur:2 q:28.40 aq:22.97 tex:56996 mv:15803 misc:2001 imb:222 pmb:1414 smb:1004 d:- ref:0 ;
in:167 out:167 type:P dur:2 cpbdur:2 q:28.40 aq:22.67 tex:46294 mv:15544 misc:2042 imb:233 pmb:1480 smb:927 d:- ref:0 ;
in:168 out:168 type:P dur:2 cpbdur:2 q:28.40 aq:22.60 tex:33707 mv:12576 misc:2325 imb:153 pmb:1308 smb:1179 d:- ref:0 ;
in:169 out:169 type:P dur:2 cpbdur:2 q:28.40 aq:22.39 tex:65430 mv:17493 misc:2141 imb:262 pmb:1512 smb:866 d:- ref:0 ;
in:170 out:170 type:P dur:2 cpbdur:2 q:28.40 aq:21.62 tex:50109 mv:13899 misc:2200 imb:158 pmb:1429 smb:1053 d:- ref:0 ;
in:173 out:171 type:P dur:2 cpbdur:2 q:28.40 aq:21.52 tex:98149 mv:20668 misc:1935 imb:371 pmb:1599 smb:670 d:- ref:0 ;
in:172 out:172 type:B dur:2 cpbdur:2 q:28.40 aq:28.10 tex:4322 mv:7445 misc:2113 imb:11 pmb:720 smb:1909 d:- ref:0 ;
in:171 out:173 type:b dur:2 cpbdur:2 q:28.40 aq:27.85 tex:4104 mv:7076 misc:2100 imb:13 pmb:642 smb:1985 d:- ref:0 ;
in:176 out:174 type:P dur:2 cpbdur:2 q:28.40 aq:22.21 tex:70547 mv:19414 misc:1903 imb:401 pmb:1585 smb:654 d:- ref:0 ;
in:175 out:175 type:B dur:2 cpbdur:2 q:28.40 aq:28.28 tex:3882 mv:6170 misc:1980 imb:12 pmb:609 smb:2019 d:- ref:0 ;
in:174 out:176 type:b dur:2 cpbdur:2 q:28.40 aq:27.79 tex:2513 mv:5715 misc:1980 imb:13 pmb:567 smb:2060 d:- ref:0 ;
in:179 out:177 type:P dur:2 cpbdur:2 q:28.40 aq:21.80 tex:119371 mv:21394 misc:1595 imb:471 pmb:1649 smb:520 d:- ref:0 ;
in:178 out:178 type:B dur:2 cpbdur:2 q:28.40 aq:26.44 tex:11225 mv:11902 misc:2369 imb:63 pmb:1019 smb:1558 d:- ref:0 ;
in:177 out:179 type:b dur:2 cpbdur:2 q:28.40 aq:27.14 tex:3903 mv:6967 misc:2202 imb:33 pmb:721 smb:1886 d:- ref:0 ;
in:183 out:180 type:P dur:2 cpbdur:2 q:28.40 aq:21.75 tex:102006 mv:21176 misc:1402 imb:395 pmb:1828 smb:417 d:- ref:0 ;
in:181 out:181 type:B dur:2 cpbdur:2 q:28.40 aq:25.50 tex:15117 mv:13857 misc:2530 imb:51 pmb:1310 smb:1279 d:- ref:0 ;
in:180 out:182 type:b dur:2 cpbdur:2 q:28.40 aq:25.62 tex:2694 mv:5048 misc:1938 imb:12 pmb:522 smb:2106 d:- ref:0 ;
in:182 out:183 type:b dur:2 cpbdur:2 q:28.40 aq:27.46 tex:942 mv:3036 misc:1566 imb:0 pmb:354 smb:2286 d:- ref:0 ;
in:187 out:184 type:P dur:2 cpbdur:2 q:28.40 aq:22.35 tex:66693 mv:18466 misc:1849 imb:278 pmb:1706 smb:656 d:- ref:0 ;
in:185 out:185 type:B dur:2 cpbdur:2 q:28.40 aq:25.26 tex:6743 mv:9574 misc:2507 imb:40 pmb:953 smb:1647 d:- ref:0 ;
in:184 out:186 type:b dur:2 cpbdur:2 q:28.40 aq:27.95 tex:3583 mv:6408 misc:2377 imb:10 pmb:837 smb:1793 d:- ref:0 ;
in:186 out:187 type:b dur:2 cpbdur:2 q:28.40 aq:25.40 tex:2435 mv:4321 misc:1916 imb:12 pmb:516 smb:2112 d:- ref:0 ;
in:191 out:188 type:P dur:2 cpbdur:2 q:28.40 aq:22.10 tex:87346 mv:21173 misc:1593 imb:383 pmb:1797 smb:460 d:- ref:0 ;
in:189 out:189 type:B dur:2 cpbdur:2 q:28.40 aq:25.71 tex:14238 mv:14030 misc:2644 imb:36 pmb:1321 smb:1283 d:- ref:0 ;
in:188 out:190 type:b dur:2 cpbdur:2 q:28.40 aq:26.78 tex:1868 mv:5532 misc:1976 imb:9 pmb:577 smb:2054 d:- ref:0 ;
in:190 out:191 type:b dur:2 cpbdur:2 q:28.40 aq:28.41 tex:3936 mv:5051 misc:2149 imb:10 pmb:646 smb:1984 d:- ref:0 ;
in:194 out:192 type:P dur:2 cpbdur:2 q:28.40 aq:22.12 tex:93492 mv:19160 misc:1652 imb:348 pmb:1744 smb:548 d:- ref:0 ;
in:193 out:193 type:B dur:2 cpbdur:2 q:28.40 aq:28.50 tex:9305 mv:8904 misc:2327 imb:32 pmb:893 smb:1715 d:- ref:0 ;
in:192 out:194 type:b dur:2 cpbdur:2 q:28.40 aq:26.48 tex:5562 mv:7177 misc:2125 imb:20 pmb:700 smb:1920 d:- ref:0 ;
in:198 out:195 type:P dur:2 cpbdur:2 q:28.40 aq:22.48 tex:85969 mv:18803 misc:1644 imb:295 pmb:1740 smb:605 d:- ref:0 ;
in:196 out:196 type:B dur:2 cpbdur:2 q:28.40 aq:25.27 tex:18901 mv:14608 misc:2531 imb:58 pmb:1323 smb:1259 d:- ref:0 ;
in:195 out:197 type:b dur:2 cpbdur:2 q:28.40 aq:25.98 tex:2364 mv:4674 misc:1986 imb:2 pmb:594 smb:2044 d:- ref:0 ;
in:197 out:198 type:b dur:2 cpbdur:2 q:28.40 aq:28.89 tex:3274 mv:5906 misc:1924 imb:3 pmb:580 smb:2057 d:- ref:0 ;
in:202 out:199 type:P dur:2 cpbdur:2 q:28.40 aq:23.29 tex:58028 mv:18133 misc:1975 imb:284 pmb:1655 smb:701 d:- ref:0 ;
in:200 out:200 type:B dur:2 cpbdur:2 q:28.40 aq:27.09 tex:9570 mv:10091 misc:2427 imb:20 pmb:938 smb:1682 d:- ref:0 ;
in:199 out:201 type:b dur:2 cpbdur:2 q:28.40 aq:27.00 tex:5340 mv:6345 misc:2283 imb:14 pmb:748 smb:1878 d:- ref:0 ;
in:201 out:202 type:b dur:2 cpbdur:2 q:28.40 aq:27.69 tex:4513 mv:5589 misc:2058 imb:11 pmb:640 smb:1989 d:- ref:0 ;
in:206 out:203 type:P dur:2 cpbdur:2 q:28.40 aq:26.92 tex:20436 mv:12346 misc:2346 imb:201 pmb:1134 smb:1305 d:- ref:0 ;
in:204 out:204 type:B dur:2 cpbdur:2 q:28.40 aq:26.31 tex:12112 mv:10812 misc:2460 imb:45 pmb:1032 smb:1563 d:- ref:0 ;
in:203 out:205 type:b dur:2 cpbdur:2 q:28.40 aq:26.99 tex:6926 mv:7840 misc:2426 imb:30 pmb:864 smb:1746 d:- ref:0 ;
in:205 out:206 type:b dur:2 cpbdur:2 q:28.40 aq:27.40 tex:4487 mv:5664 misc:2113 imb:18 pmb:632 smb:1990 d:- ref:0 ;
in:207 out:207 type:I dur:2 cpbdur:2 q:25.49 aq:19.54 tex:243471 mv:95043 misc:270 imb:2640 pmb:0 smb:0 d:- ref:;
in:209 out:208 type:P dur:2 cpbdur:2 q:28.40 aq:23.36 tex:52232 mv:13053 misc:2083 imb:198 pmb:1104 smb:1338 d:- ref:0 ;
in:208 out:209 type:b dur:2 cpbdur:2 q:28.40 aq:28.55 tex:12074 mv:8901 misc:1753 imb:16 pmb:665 smb:1959 d:- ref:0 ;
in:211 out:210 type:P dur:2 cpbdur:2 q:28.40 aq:23.32 tex:52532 mv:13415 misc:2117 imb:141 pmb:1211 smb:1288 d:- ref:0 ;
in:210 out:211 type:b dur:2 cpbdur:2 q:28.40 aq:27.83 tex:9343 mv:7994 misc:1647 imb:10 pmb:612 smb:2018 d:- ref:0 ;
in:213 out:212 type:P dur:2 cpbdur:2 q:28.40 aq:23.06 tex:69054 mv:15514 misc:2064 imb:186 pmb:1360 smb:1094 d:- ref:0 ;
in:212 out:213 type:b dur:2 cpbdur:2 q:28.40 aq:28.92 tex:11959 mv:8640 misc:1857 imb:16 pmb:722 smb:1902 d:- ref:0 ;
in:215 out:214 type:P dur:2 cpbdur:2 q:28.40 aq:22.92 tex:55717 mv:14514 misc:2217 imb:144 pmb:1384 smb:1112 d:- ref:0 ;
in:214 out:215 type:b dur:2 cpbdur:2 q:28.40 aq:29.34 tex:8262 mv:7169 misc:1465 imb:8 pmb:549 smb:2083 d:- ref:0 ;
in:218 out:216 type:P dur:2 cpbdur:2 q:28.40 aq:22.44 tex:97320 mv:20194 misc:1766 imb:306 pmb:1793 smb:541 d:- ref:0 ;
in:217 out:217 type:B dur:2 cpbdur:2 q:28.40 aq:28.37 tex:19091 mv:11817 misc:1820 imb:27 pmb:848 smb:1765 d:- ref:0 ;
in:216 out:218 type:b dur:2 cpbdur:2 q:28.40 aq:28.20 tex:10227 mv:8889 misc:1924 imb:23 pmb:731 smb:1886 d:- ref:0 ;
in:221 out:219 type:P dur:2 cpbdur:2 q:28.40 aq:22.30 tex:97280 mv:18411 misc:1885 imb:301 pmb:1671 smb:668 d:- ref:0 ;
in:220 out:220 type:B dur:2 cpbdur:2 q:28.40 aq:27.45 tex:13698 mv:8024 misc:1566 imb:22 pmb:627 smb:1991 d:- ref:0 ;
in:219 out:221 type:b dur:2 cpbdur:2 q:28.40 aq:27.36 tex:15413 mv:9620 misc:1927 imb:28 pmb:827 smb:1785 d:- ref:0 ;
in:223 out:222 type:P dur:2 cpbdur:2 q:28.40 aq:22.26 tex:62893 mv:13787 misc:2192 imb:172 pmb:1405 smb:1063 d:- ref:0 ;
in:222 out:223 type:b dur:2 cpbdur:2 q:28.40 aq:27.66 tex:9480 mv:6405 misc:1491 imb:24 pmb:517 smb:2099 d:- ref:0 ;
in:226 out:224 type:P dur:2 cpbdur:2 q:28.40 aq:22.30 tex:76032 mv:14729 misc:2143 imb:280 pmb:1353 smb:1007 d:- ref:0 ;
in:225 out:225 type:B dur:2 cpbdur:2 q:28.40 aq:29.07 tex:11790 mv:6769 misc:1545 imb:36 pmb:521 smb:2083 d:- ref:0 ;
in:224 out:226 type:b dur:2 cpbdur:2 q:28.40 aq:28.48 tex:12640 mv:8129 misc:1703 imb:27 pmb:601 smb:2012 d:- ref:0 ;
in:229 out:227 type:P dur:2 cpbdur:2 q:28.40 aq:22.53 tex:64848 mv:13926 misc:2178 imb:238 pmb:1350 smb:1052 d:- ref:0 ;
in:228 out:228 type:B dur:2 cpbdur:2 q:28.40 aq:28.00 tex:6827 mv:5319 misc:1582 imb:25 pmb:467 smb:2148 d:- ref:0 ;
in:227 out:229 type:b dur:2 cpbdur:2 q:28.40 aq:27.71 tex:8696 mv:6617 misc:1735 imb:26 pmb:551 smb:2063 d:- ref:0 ;
in:233 out:230 type:P dur:2 cpbdur:2 q:28.40 aq:22.98 tex:78576 mv:17550 misc:1826 imb:303 pmb:1712 smb:625 d:- ref:0 ;
in:231 out:231 type:B dur:2 cpbdur:2 q:28.40 aq:25.78 tex:21263 mv:11303 misc:2034 imb:40 pmb:910 smb:1690 d:- ref:0 ;
in:230 out:232 type:b dur:2 cpbdur:2 q:28.40 aq:27.44 tex:6366 mv:5565 misc:1373 imb:22 pmb:462 smb:2156 d:- ref:0 ;
in:232 out:233 type:b dur:2 cpbdur:2 q:28.40 aq:27.56 tex:8794 mv:7132 misc:1858 imb:17 pmb:647 smb:1976 d:- ref:0 ;
in:236 out:234 type:P dur:2 cpbdur:2 q:28.40 aq:23.08 tex:69764 mv:16355 misc:1897 imb:238 pmb:1671 smb:731 d:- ref:0 ;
in:235 out:235 type:B dur:2 cpbdur:2 q:28.40 aq:27.66 tex:11334 mv:8716 misc:1942 imb:39 pmb:745 smb:1856 d:- ref:0 ;
in:234 out:236 type:b dur:2 cpbdur:2 q:28.40 aq:27.52 tex:7452 mv:7213 misc:1831 imb:21 pmb:627 smb:1992 d:- ref:0 ;
in:239 out:237 type:P dur:2 cpbdur:2 q:28.40 aq:23.30 tex:79639 mv:18463 misc:1762 imb:323 pmb:1715 smb:602 d:- ref:0 ;
in:238 out:238 type:B dur:2 cpbdur:2 q:28.40 aq:27.32 tex:16475 mv:11638 misc:2151 imb:73 pmb:940 smb:1627 d:- ref:0 ;
in:237 out:239 type:b dur:2 cpbdur:2 q:28.40 aq:27.63 tex:8021 mv:7102 misc:1789 imb:15 pmb:648 smb:1977 d:- ref:0 ;
in:242 out:240 type:P dur:2 cpbdur:2 q:28.40 aq:23.67 tex:68165 mv:17963 misc:1896 imb:292 pmb:1704 smb:644 d:- ref:0 ;
in:241 out:241 type:B dur:2 cpbdur:2 q:28.40 aq:27.15 tex:15406 mv:11365 misc:2237 imb:54 pmb:962 smb:1624 d:- ref:0 ;
in:240 out:242 type:b dur:2 cpbdur:2 q:28.40 aq:27.44 tex:7637 mv:7814 misc:2037 imb:12 pmb:751 smb:1877 d:- ref:0 ;
in:245 out:243 type:P dur:2 cpbdur:2 q:28.40 aq:24.30 tex:72183 mv:17897 misc:1976 imb:264 pmb:1656 smb:720 d:- ref:0 ;
in:244 out:244 type:B dur:2 cpbdur:2 q:28.40 aq:28.12 tex:19380 mv:11099 misc:2177 imb:53 pmb:931 smb:1656 d:- ref:0 ;
in:243 out:245 type:b dur:2 cpbdur:2 q:28.40 aq:28.25 tex:11443 mv:9012 misc:2209 imb:36 pmb:861 smb:1743 d:- ref:0 ;
in:248 out:246 type:P dur:2 cpbdur:2 q:28.40 aq:25.74 tex:51827 mv:14796 misc:2025 imb:270 pmb:1330 smb:1040 d:- ref:0 ;
in:247 out:247 type:B dur:2 cpbdur:2 q:28.40 aq:27.60 tex:15336 mv:9495 misc:2113 imb:54 pmb:887 smb:1699 d:- ref:0 ;
in:246 out:248 type:b dur:2 cpbdur:2 q:28.40 aq:27.74 tex:10994 mv:8578 misc:2084 imb:36 pmb:765 smb:1839 d:- ref:0 ;
in:249 out:249 type:P dur:2 cpbdur:2 q:28.40 aq:26.91 tex:16015 mv:7737 misc:2096 imb:107 pmb:858 smb:1675 d:- ref:0 ;
